<?xml version="1.0" encoding="UTF-8"?><testsuite name="nosetests" tests="123" errors="1" failures="0" skip="0"><testcase classname="Unit_Addition.TestAddition" name="testaddError" time="0.001"></testcase><testcase classname="Unit_Addition.TestAddition" name="testiAdd" time="0.000"></testcase><testcase classname="Unit_Addition.TestAddition" name="testiAdd2" time="0.000"></testcase><testcase classname="Unit_Addition.TestAddition" name="testiAddError" time="0.001"></testcase><testcase classname="Unit_Addition.TestAddition" name="testplus" time="0.000"></testcase><testcase classname="Unit_Addition.TestAddition" name="testplus2" time="0.000"></testcase><testcase classname="Unit_Addition.TestAddition" name="testplus3" time="0.000"></testcase><testcase classname="Unit_Addition.TestAddition" name="testradd" time="0.000"></testcase><testcase classname="Unit_Allgemein.TestAllgemein" name="testAbs" time="0.000"></testcase><testcase classname="Unit_Allgemein.TestAllgemein" name="testComplex" time="0.000"></testcase><testcase classname="Unit_Allgemein.TestAllgemein" name="testFloat" time="0.000"></testcase><testcase classname="Unit_Allgemein.TestAllgemein" name="testInt" time="0.000"></testcase><testcase classname="Unit_Allgemein.TestAllgemein" name="testInteger" time="0.000"></testcase><testcase classname="Unit_Allgemein.TestAllgemein" name="testInvert" time="0.000"></testcase><testcase classname="Unit_Allgemein.TestAllgemein" name="testNeg" time="0.000"></testcase><testcase classname="Unit_Allgemein.TestAllgemein" name="testPow" time="0.000"></testcase><testcase classname="Unit_Allgemein.TestAllgemein" name="testPowError1" time="0.000"></testcase><testcase classname="Unit_Allgemein.TestAllgemein" name="testPowError2" time="0.001"></testcase><testcase classname="Unit_Allgemein.TestAllgemein" name="testRef" time="0.000"></testcase><testcase classname="Unit_Allgemein.TestAllgemein" name="testRef2" time="0.000"></testcase><testcase classname="Unit_Allgemein.TestAllgemein" name="test_makeBruchInt" time="0.000"></testcase><testcase classname="Unit_Allgemein.TestAllgemein" name="test_makeBruchTypeError" time="0.000"></testcase><testcase classname="Unit_Allgemein.TestAllgemein" name="testcreateBruchWrongTypeNenner" time="0.000"></testcase><testcase classname="Unit_Allgemein.TestAllgemein" name="testcreateBruchWrongTypeZaehler" time="0.000"></testcase><testcase classname="Unit_Allgemein.TestAllgemein" name="testcreateBruchZeroError" time="0.000"></testcase><testcase classname="Unit_Division.TestDivision" name="testdiv" time="0.000"></testcase><testcase classname="Unit_Division.TestDivision" name="testdiv2" time="0.000"></testcase><testcase classname="Unit_Division.TestDivision" name="testdiv3" time="0.000"></testcase><testcase classname="Unit_Division.TestDivision" name="testdivTypeError" time="0.000"></testcase><testcase classname="Unit_Division.TestDivision" name="testdivZeroError" time="0.000"></testcase><testcase classname="Unit_Division.TestDivision" name="testdivZeroError2" time="0.001"></testcase><testcase classname="Unit_Division.TestDivision" name="testiDiv" time="0.000"></testcase><testcase classname="Unit_Division.TestDivision" name="testiDiv2" time="0.000"></testcase><testcase classname="Unit_Division.TestDivision" name="testiDivError" time="0.000"></testcase><testcase classname="Unit_Division.TestDivision" name="testrdiv" time="0.000"></testcase><testcase classname="Unit_Division.TestDivision" name="testrdivError" time="0.000"></testcase><testcase classname="Unit_Division.TestDivision" name="testrdivZeroError" time="0.000"></testcase><testcase classname="Unit_Multiplikation.TestMultiplikation" name="testiMul" time="0.000"></testcase><testcase classname="Unit_Multiplikation.TestMultiplikation" name="testiMul2" time="0.000"></testcase><testcase classname="Unit_Multiplikation.TestMultiplikation" name="testiMulError" time="0.001"></testcase><testcase classname="Unit_Multiplikation.TestMultiplikation" name="testmal" time="0.000"></testcase><testcase classname="Unit_Multiplikation.TestMultiplikation" name="testmal2" time="0.000"></testcase><testcase classname="Unit_Multiplikation.TestMultiplikation" name="testmal3" time="0.000"></testcase><testcase classname="Unit_Multiplikation.TestMultiplikation" name="testmulError" time="0.000"></testcase><testcase classname="Unit_Multiplikation.TestMultiplikation" name="testrmal" time="0.001"></testcase><testcase classname="Unit_String.TestString" name="teststr" time="0.000"></testcase><testcase classname="Unit_String.TestString" name="teststr2" time="0.000"></testcase><testcase classname="Unit_Subtraktion.TestSubtraktion" name="testiSub" time="0.000"></testcase><testcase classname="Unit_Subtraktion.TestSubtraktion" name="testiSub2" time="0.001"></testcase><testcase classname="Unit_Subtraktion.TestSubtraktion" name="testiSubError" time="0.000"></testcase><testcase classname="Unit_Subtraktion.TestSubtraktion" name="testminus" time="0.000"></testcase><testcase classname="Unit_Subtraktion.TestSubtraktion" name="testminus2" time="0.000"></testcase><testcase classname="Unit_Subtraktion.TestSubtraktion" name="testminus3" time="0.000"></testcase><testcase classname="Unit_Subtraktion.TestSubtraktion" name="testrsub" time="0.000"></testcase><testcase classname="Unit_Subtraktion.TestSubtraktion" name="testrsubError" time="0.000"></testcase><testcase classname="nose.failure.Failure" name="runTest" time="0.001"><error type="builtins.ModuleNotFoundError" message="No module named 'bruch'"><![CDATA[Traceback (most recent call last):
  File "c:\users\mjvid\appdata\local\programs\python\python36-32\lib\unittest\case.py", line 59, in testPartExecutor
    yield
  File "c:\users\mjvid\appdata\local\programs\python\python36-32\lib\unittest\case.py", line 605, in run
    testMethod()
  File "c:\users\mjvid\appdata\local\programs\python\python36-32\lib\site-packages\nose\failure.py", line 39, in runTest
    raise self.exc_val.with_traceback(self.tb)
  File "c:\users\mjvid\appdata\local\programs\python\python36-32\lib\site-packages\nose\loader.py", line 418, in loadTestsFromName
    addr.filename, addr.module)
  File "c:\users\mjvid\appdata\local\programs\python\python36-32\lib\site-packages\nose\importer.py", line 47, in importFromPath
    return self.importFromDir(dir_path, fqname)
  File "c:\users\mjvid\appdata\local\programs\python\python36-32\lib\site-packages\nose\importer.py", line 94, in importFromDir
    mod = load_module(part_fqname, fh, filename, desc)
  File "c:\users\mjvid\appdata\local\programs\python\python36-32\lib\imp.py", line 235, in load_module
    return load_source(name, filename, file)
  File "c:\users\mjvid\appdata\local\programs\python\python36-32\lib\imp.py", line 172, in load_source
    module = _load(spec)
  File "<frozen importlib._bootstrap>", line 684, in _load
  File "<frozen importlib._bootstrap>", line 665, in _load_unlocked
  File "<frozen importlib._bootstrap_external>", line 678, in exec_module
  File "<frozen importlib._bootstrap>", line 219, in _call_with_frames_removed
  File "C:\Users\mjvid\PycharmProjects\Bruch\Unit_Vergleich.py", line 7, in <module>
    from bruch.Bruch import *
ModuleNotFoundError: No module named 'bruch'
]]></error></testcase><testcase classname="Unit_Zusatz.TestAllgemein" name="testTuple" time="0.000"></testcase><testcase classname="Unit_Zusatz.TestAllgemein" name="testTuple2" time="0.000"></testcase><testcase classname="Unit_Zusatz.TestAllgemein" name="testTuple3_Error" time="0.000"></testcase><testcase classname="Testall.TestAddition" name="testaddError" time="0.001"></testcase><testcase classname="Testall.TestAddition" name="testiAdd" time="0.000"></testcase><testcase classname="Testall.TestAddition" name="testiAdd2" time="0.001"></testcase><testcase classname="Testall.TestAddition" name="testiAddError" time="0.000"></testcase><testcase classname="Testall.TestAddition" name="testplus" time="0.000"></testcase><testcase classname="Testall.TestAddition" name="testplus2" time="0.000"></testcase><testcase classname="Testall.TestAddition" name="testplus3" time="0.000"></testcase><testcase classname="Testall.TestAddition" name="testradd" time="0.000"></testcase><testcase classname="Testall.TestAllgemein" name="testAbs" time="0.000"></testcase><testcase classname="Testall.TestAllgemein" name="testComplex" time="0.000"></testcase><testcase classname="Testall.TestAllgemein" name="testFloat" time="0.000"></testcase><testcase classname="Testall.TestAllgemein" name="testInt" time="0.000"></testcase><testcase classname="Testall.TestAllgemein" name="testInteger" time="0.000"></testcase><testcase classname="Testall.TestAllgemein" name="testInvert" time="0.000"></testcase><testcase classname="Testall.TestAllgemein" name="testNeg" time="0.000"></testcase><testcase classname="Testall.TestAllgemein" name="testPow" time="0.000"></testcase><testcase classname="Testall.TestAllgemein" name="testPowError1" time="0.000"></testcase><testcase classname="Testall.TestAllgemein" name="testPowError2" time="0.000"></testcase><testcase classname="Testall.TestAllgemein" name="testRef" time="0.000"></testcase><testcase classname="Testall.TestAllgemein" name="testRef2" time="0.000"></testcase><testcase classname="Testall.TestAllgemein" name="test_makeBruchInt" time="0.000"></testcase><testcase classname="Testall.TestAllgemein" name="test_makeBruchTypeError" time="0.000"></testcase><testcase classname="Testall.TestAllgemein" name="testcreateBruchWrongTypeNenner" time="0.000"></testcase><testcase classname="Testall.TestAllgemein" name="testcreateBruchWrongTypeZaehler" time="0.000"></testcase><testcase classname="Testall.TestAllgemein" name="testcreateBruchZeroError" time="0.001"></testcase><testcase classname="Testall.TestDivision" name="testdiv" time="0.000"></testcase><testcase classname="Testall.TestDivision" name="testdiv2" time="0.000"></testcase><testcase classname="Testall.TestDivision" name="testdiv3" time="0.000"></testcase><testcase classname="Testall.TestDivision" name="testdivTypeError" time="0.000"></testcase><testcase classname="Testall.TestDivision" name="testdivZeroError" time="0.000"></testcase><testcase classname="Testall.TestDivision" name="testdivZeroError2" time="0.001"></testcase><testcase classname="Testall.TestDivision" name="testiDiv" time="0.000"></testcase><testcase classname="Testall.TestDivision" name="testiDiv2" time="0.000"></testcase><testcase classname="Testall.TestDivision" name="testiDivError" time="0.000"></testcase><testcase classname="Testall.TestDivision" name="testrdiv" time="0.000"></testcase><testcase classname="Testall.TestDivision" name="testrdivError" time="0.000"></testcase><testcase classname="Testall.TestDivision" name="testrdivZeroError" time="0.000"></testcase><testcase classname="Testall.TestIteration" name="testTuple" time="0.000"></testcase><testcase classname="Testall.TestIteration" name="testTuple2" time="0.000"></testcase><testcase classname="Testall.TestIteration" name="testTuple3_Error" time="0.000"></testcase><testcase classname="Testall.TestMultiplikation" name="testiMul" time="0.000"></testcase><testcase classname="Testall.TestMultiplikation" name="testiMul2" time="0.000"></testcase><testcase classname="Testall.TestMultiplikation" name="testiMulError" time="0.000"></testcase><testcase classname="Testall.TestMultiplikation" name="testmal" time="0.001"></testcase><testcase classname="Testall.TestMultiplikation" name="testmal2" time="0.000"></testcase><testcase classname="Testall.TestMultiplikation" name="testmal3" time="0.000"></testcase><testcase classname="Testall.TestMultiplikation" name="testmulError" time="0.000"></testcase><testcase classname="Testall.TestMultiplikation" name="testrmal" time="0.001"></testcase><testcase classname="Testall.TestString" name="teststr" time="0.000"></testcase><testcase classname="Testall.TestString" name="teststr2" time="0.000"></testcase><testcase classname="Testall.TestSubtraktion" name="testiSub" time="0.000"></testcase><testcase classname="Testall.TestSubtraktion" name="testiSub2" time="0.000"></testcase><testcase classname="Testall.TestSubtraktion" name="testiSubError" time="0.000"></testcase><testcase classname="Testall.TestSubtraktion" name="testminus" time="0.000"></testcase><testcase classname="Testall.TestSubtraktion" name="testminus2" time="0.000"></testcase><testcase classname="Testall.TestSubtraktion" name="testminus3" time="0.000"></testcase><testcase classname="Testall.TestSubtraktion" name="testrsub" time="0.001"></testcase><testcase classname="Testall.TestSubtraktion" name="testrsubError" time="0.000"></testcase><testcase classname="Testall.TestVergleich" name="testEqual" time="0.000"></testcase><testcase classname="Testall.TestVergleich" name="testGE" time="0.001"></testcase><testcase classname="Testall.TestVergleich" name="testGT" time="0.000"></testcase><testcase classname="Testall.TestVergleich" name="testLE" time="0.000"></testcase><testcase classname="Testall.TestVergleich" name="testLT" time="0.000"></testcase><testcase classname="Testall.TestVergleich" name="testNotEqual" time="0.001"></testcase></testsuite>